[I|2025-03-14 10:44:59.094 1772737] uid: b45020b8-840c | Connect to 192.168.0.160 from 192.168.0.100
[I|2025-03-14 10:44:59.095 1772737] uid: b45020b8-840c | setRtNetworkTolerance end, percent: 10% (0)
[I|2025-03-14 10:44:59.138 1772737] uid: b45020b8-840c | setOperationMode end, switch to auto (0)
[I|2025-03-14 10:44:59.483 1772737] uid: b45020b8-840c | setMotionControlMode end, mode: RtCommand (0)
[I|2025-03-14 10:44:59.483 1772737] uid: b45020b8-840c | setPowerState end, switch motor true (0)
[I|2025-03-14 10:44:59.484 1772737] uid: b45020b8-840c | setEndEffectorFrame [1, 0, 0, 0, 0, 1, 0, 0, 0, 0, 1, 0.25, 0, 0, 0, 1] (0)
[I|2025-03-14 10:44:59.484 1772737] uid: b45020b8-840c | setFilterFrequency 25 25 52 (0)
[I|2025-03-14 10:44:59.485 1772737] uid: b45020b8-840c | setCollisionBehaviour [16, 16, 8, 8, 4, 4, 4] (0)
[I|2025-03-14 10:44:59.485 1772737] uid: b45020b8-840c | Exec RT MoveJ 0.3 [0.7907070252277099, 0.22218872816780136, -0.0628869805063605, 1.1944116101443325, -1.5192771026647611, 1.0188678821531598, -0.3178760528711266] [0, 0.5235987755982988, 0, 1.0471975511965976, 0, 1.5707963267948966, 0]
[I|2025-03-14 10:44:59.534 1772737] uid: b45020b8-840c | RtControlT startMove jointPosition
[I|2025-03-14 10:44:59.534 1772737] uid: b45020b8-840c | exec startLoop true
[I|2025-03-14 10:45:08.862 1772928] uid: b45020b8-840c | Connect to 192.168.0.160 from 192.168.0.100
[I|2025-03-14 10:45:08.863 1772928] uid: b45020b8-840c | setRtNetworkTolerance end, percent: 10% (0)
[I|2025-03-14 10:45:08.906 1772928] uid: b45020b8-840c | setOperationMode end, switch to auto (0)
[I|2025-03-14 10:45:09.250 1772928] uid: b45020b8-840c | setMotionControlMode end, mode: RtCommand (0)
[I|2025-03-14 10:45:09.260 1772928] uid: b45020b8-840c | setPowerState end, switch motor true (0)
[I|2025-03-14 10:45:09.261 1772928] uid: b45020b8-840c | setEndEffectorFrame [1, 0, 0, 0, 0, 1, 0, 0, 0, 0, 1, 0.25, 0, 0, 0, 1] (0)
[I|2025-03-14 10:45:09.261 1772928] uid: b45020b8-840c | setFilterFrequency 25 25 52 (0)
[I|2025-03-14 10:45:09.261 1772928] uid: b45020b8-840c | setCollisionBehaviour [16, 16, 8, 8, 4, 4, 4] (0)
[I|2025-03-14 10:45:09.262 1772928] uid: b45020b8-840c | Exec RT MoveJ 0.3 [2.8762139772855772e-05, 0.5241919447968436, 0.0002677275843856658, 1.0468421789807376, 8.149272935642469e-05, 1.5709096975625014, 0.00010618023266145922] [0, 0.5235987755982988, 0, 1.0471975511965976, 0, 1.5707963267948966, 0]
[I|2025-03-14 10:45:09.314 1772928] uid: b45020b8-840c | RtControlT startMove jointPosition
[I|2025-03-14 10:45:09.314 1772928] uid: b45020b8-840c | exec startLoop true
[I|2025-03-14 10:45:10.026 1772928] uid: b45020b8-840c | RtControlT startMove jointPosition
[I|2025-03-14 10:45:10.127 1772928] uid: b45020b8-840c | exec startLoop false
[I|2025-03-14 10:47:24.566 1775051] uid: b45020b8-840c | Connect to 192.168.0.160 from 192.168.0.100
[I|2025-03-14 10:47:24.567 1775051] uid: b45020b8-840c | setRtNetworkTolerance end, percent: 10% (0)
[I|2025-03-14 10:47:24.610 1775051] uid: b45020b8-840c | setOperationMode end, switch to auto (0)
[I|2025-03-14 10:47:24.954 1775051] uid: b45020b8-840c | setMotionControlMode end, mode: RtCommand (0)
[I|2025-03-14 10:47:24.955 1775051] uid: b45020b8-840c | setPowerState end, switch motor true (0)
[I|2025-03-14 10:47:24.956 1775051] uid: b45020b8-840c | setEndEffectorFrame [1, 0, 0, 0, 0, 1, 0, 0, 0, 0, 1, 0.25, 0, 0, 0, 1] (0)
[I|2025-03-14 10:47:24.956 1775051] uid: b45020b8-840c | setFilterFrequency 25 25 52 (0)
[I|2025-03-14 10:47:24.957 1775051] uid: b45020b8-840c | setCollisionBehaviour [16, 16, 8, 8, 4, 4, 4] (0)
[I|2025-03-14 10:47:24.957 1775051] uid: b45020b8-840c | Exec RT MoveJ 0.3 [5.228118114961805e-05, 0.5236418688736877, -1.9174759848570515e-05, 1.0472426917770745, 1.366201639210649e-05, 1.5708296429401336, 9.827064422392387e-06] [0, 0.5235987755982988, 0, 1.0471975511965976, 0, 1.5707963267948966, 0]
[I|2025-03-14 10:47:25.010 1775051] uid: b45020b8-840c | RtControlT startMove jointPosition
[I|2025-03-14 10:47:25.010 1775051] uid: b45020b8-840c | exec startLoop true
[I|2025-03-14 10:47:25.478 1775051] uid: b45020b8-840c | RtControlT startMove jointPosition
[I|2025-03-14 10:49:06.778 1777873] uid: b45020b8-840c | Connect to 192.168.0.160 from 192.168.0.100
[I|2025-03-14 10:49:06.779 1777873] uid: b45020b8-840c | setRtNetworkTolerance end, percent: 10% (0)
[I|2025-03-14 10:49:06.822 1777873] uid: b45020b8-840c | setOperationMode end, switch to auto (0)
[I|2025-03-14 10:49:07.166 1777873] uid: b45020b8-840c | setMotionControlMode end, mode: RtCommand (0)
[I|2025-03-14 10:49:07.167 1777873] uid: b45020b8-840c | setPowerState end, switch motor true (0)
[I|2025-03-14 10:49:07.168 1777873] uid: b45020b8-840c | setEndEffectorFrame [1, 0, 0, 0, 0, 1, 0, 0, 0, 0, 1, 0.25, 0, 0, 0, 1] (0)
[I|2025-03-14 10:49:07.169 1777873] uid: b45020b8-840c | setFilterFrequency 25 25 52 (0)
[I|2025-03-14 10:49:07.169 1777873] uid: b45020b8-840c | setCollisionBehaviour [16, 16, 8, 8, 4, 4, 4] (0)
[I|2025-03-14 10:49:07.169 1777873] uid: b45020b8-840c | Exec RT MoveJ 0.3 [4.2394195602698875e-05, 0.5234761869643711, -1.6058861373177807e-05, 1.0469699308182288, 1.2463593901570835e-05, 1.5707618122271692, 8.628641931856732e-06] [0, 0.5235987755982988, 0, 1.0471975511965976, 0, 1.5707963267948966, 0]
[I|2025-03-14 10:49:07.222 1777873] uid: b45020b8-840c | RtControlT startMove jointPosition
[I|2025-03-14 10:49:07.222 1777873] uid: b45020b8-840c | exec startLoop true
[I|2025-03-14 10:49:07.714 1777873] uid: b45020b8-840c | RtControlT startMove jointPosition
[I|2025-03-14 10:49:07.815 1777873] uid: b45020b8-840c | exec startLoop false
[I|2025-03-14 10:49:07.815 1777873] uid: b45020b8-840c | exec stopLoop
[I|2025-03-14 10:50:40.142 1783271] uid: b45020b8-840c | Connect to 192.168.0.160 from 192.168.0.100
[I|2025-03-14 10:50:40.143 1783271] uid: b45020b8-840c | setRtNetworkTolerance end, percent: 10% (0)
[I|2025-03-14 10:50:40.186 1783271] uid: b45020b8-840c | setOperationMode end, switch to auto (0)
[I|2025-03-14 10:50:40.530 1783271] uid: b45020b8-840c | setMotionControlMode end, mode: RtCommand (0)
[I|2025-03-14 10:50:40.531 1783271] uid: b45020b8-840c | setPowerState end, switch motor true (0)
[I|2025-03-14 10:50:40.531 1783271] uid: b45020b8-840c | setEndEffectorFrame [1, 0, 0, 0, 0, 1, 0, 0, 0, 0, 1, 0.25, 0, 0, 0, 1] (0)
[I|2025-03-14 10:50:40.532 1783271] uid: b45020b8-840c | setFilterFrequency 25 25 52 (0)
[I|2025-03-14 10:50:40.532 1783271] uid: b45020b8-840c | setCollisionBehaviour [16, 16, 8, 8, 4, 4, 4] (0)
[I|2025-03-14 10:50:40.532 1783271] uid: b45020b8-840c | Exec RT MoveJ 0.3 [3.205780162182883e-05, 0.5235179819487286, -1.5579492376963543e-05, 1.0471554466197635, 1.2703278399677967e-05, 1.5707790695110326, 7.430219441321074e-06] [0, 0.5235987755982988, 0, 1.0471975511965976, 0, 1.5707963267948966, 0]
[I|2025-03-14 10:50:40.582 1783271] uid: b45020b8-840c | RtControlT startMove jointPosition
[I|2025-03-14 10:50:40.582 1783271] uid: b45020b8-840c | exec startLoop true
[I|2025-03-14 10:50:41.058 1783271] uid: b45020b8-840c | RtControlT startMove jointPosition
[I|2025-03-14 10:50:41.159 1783271] uid: b45020b8-840c | exec startLoop false
[I|2025-03-14 10:50:41.159 1783271] uid: b45020b8-840c | exec stopLoop
[I|2025-03-14 10:57:07.978 1823083] uid: b45020b8-840c | Connect to 192.168.0.160 from 192.168.0.100
[I|2025-03-14 10:57:07.979 1823083] uid: b45020b8-840c | setRtNetworkTolerance end, percent: 10% (0)
[I|2025-03-14 10:57:08.022 1823083] uid: b45020b8-840c | setOperationMode end, switch to auto (0)
[I|2025-03-14 10:57:08.366 1823083] uid: b45020b8-840c | setMotionControlMode end, mode: RtCommand (0)
[I|2025-03-14 10:57:08.376 1823083] uid: b45020b8-840c | setPowerState end, switch motor true (0)
[I|2025-03-14 10:57:08.376 1823083] uid: b45020b8-840c | setEndEffectorFrame [1, 0, 0, 0, 0, 1, 0, 0, 0, 0, 1, 0.25, 0, 0, 0, 1] (0)
[I|2025-03-14 10:57:08.377 1823083] uid: b45020b8-840c | setFilterFrequency 25 25 52 (0)
[I|2025-03-14 10:57:08.377 1823083] uid: b45020b8-840c | setCollisionBehaviour [16, 16, 8, 8, 4, 4, 4] (0)
[I|2025-03-14 10:57:08.378 1823083] uid: b45020b8-840c | Exec RT MoveJ 0.3 [4.29934068479667e-05, 0.5235176823431059, -1.1025486912928045e-05, 1.047073953890407, 1.2223909403463703e-05, 1.5708015998538547, 1.1504855909142308e-05] [0, 0.5235987755982988, 0, 1.0471975511965976, 0, 1.5707963267948966, 0]
[I|2025-03-14 10:57:08.430 1823083] uid: b45020b8-840c | RtControlT startMove jointPosition
[I|2025-03-14 10:57:08.430 1823083] uid: b45020b8-840c | exec startLoop true
[I|2025-03-14 10:57:08.910 1823083] uid: b45020b8-840c | RtControlT startMove jointPosition
[I|2025-03-14 10:57:09.011 1823083] uid: b45020b8-840c | exec startLoop false
[I|2025-03-14 10:59:15.474 1838334] uid: b45020b8-840c | Connect to 192.168.0.160 from 192.168.0.100
[I|2025-03-14 10:59:15.475 1838334] uid: b45020b8-840c | setRtNetworkTolerance end, percent: 10% (0)
[I|2025-03-14 10:59:15.518 1838334] uid: b45020b8-840c | setOperationMode end, switch to auto (0)
[I|2025-03-14 10:59:15.862 1838334] uid: b45020b8-840c | setMotionControlMode end, mode: RtCommand (0)
[I|2025-03-14 10:59:15.872 1838334] uid: b45020b8-840c | setPowerState end, switch motor true (0)
[I|2025-03-14 10:59:15.873 1838334] uid: b45020b8-840c | setEndEffectorFrame [1, 0, 0, 0, 0, 1, 0, 0, 0, 0, 1, 0.25, 0, 0, 0, 1] (0)
[I|2025-03-14 10:59:15.873 1838334] uid: b45020b8-840c | setFilterFrequency 25 25 52 (0)
[I|2025-03-14 10:59:15.874 1838334] uid: b45020b8-840c | setCollisionBehaviour [16, 16, 8, 8, 4, 4, 4] (0)
[I|2025-03-14 10:59:15.874 1838334] uid: b45020b8-840c | Exec RT MoveJ 0.3 [6.39658004323407e-05, 0.523934134158567, -1.653823036939207e-05, 1.047313159019518, 1.2703278399677967e-05, 1.5708277254641487, 2.0133497840999042e-05] [0, 0.5235987755982988, 0, 1.0471975511965976, 0, 1.5707963267948966, 0]
[I|2025-03-14 10:59:15.926 1838334] uid: b45020b8-840c | RtControlT startMove jointPosition
[I|2025-03-14 10:59:15.926 1838334] uid: b45020b8-840c | exec startLoop true
[I|2025-03-14 10:59:16.422 1838334] uid: b45020b8-840c | RtControlT startMove jointPosition
[I|2025-03-14 10:59:16.523 1838334] uid: b45020b8-840c | exec startLoop false
[I|2025-03-14 11:08:06.282 1920637] uid: b45020b8-840c | Connect to 192.168.0.160 from 192.168.0.100
[I|2025-03-14 11:08:06.283 1920637] uid: b45020b8-840c | setRtNetworkTolerance end, percent: 10% (0)
[I|2025-03-14 11:08:06.326 1920637] uid: b45020b8-840c | setOperationMode end, switch to auto (0)
[I|2025-03-14 11:08:06.670 1920637] uid: b45020b8-840c | setMotionControlMode end, mode: RtCommand (0)
[I|2025-03-14 11:08:06.680 1920637] uid: b45020b8-840c | setPowerState end, switch motor true (0)
[I|2025-03-14 11:08:06.680 1920637] uid: b45020b8-840c | setEndEffectorFrame [1, 0, 0, 0, 0, 1, 0, 0, 0, 0, 1, 0.25, 0, 0, 0, 1] (0)
[I|2025-03-14 11:08:06.681 1920637] uid: b45020b8-840c | setFilterFrequency 25 25 52 (0)
[I|2025-03-14 11:08:06.681 1920637] uid: b45020b8-840c | setCollisionBehaviour [16, 16, 8, 8, 4, 4, 4] (0)
[I|2025-03-14 11:08:06.682 1920637] uid: b45020b8-840c | Exec RT MoveJ 0.3 [6.995791288501898e-05, 0.5238832012027193, -1.67779148674992e-05, 1.0472923064681827, 1.174454040724944e-05, 1.5708337175766014, 2.0612866837213302e-05] [0, 0.5235987755982988, 0, 1.0471975511965976, 0, 1.5707963267948966, 0]
[I|2025-03-14 11:08:06.734 1920637] uid: b45020b8-840c | RtControlT startMove jointPosition
[I|2025-03-14 11:08:06.734 1920637] uid: b45020b8-840c | exec startLoop true
[I|2025-03-14 11:08:07.226 1920637] uid: b45020b8-840c | RtControlT startMove jointPosition
[I|2025-03-14 11:08:07.327 1920637] uid: b45020b8-840c | exec startLoop false
